<?xml version="1.0" encoding="UTF-8"?>
<!-- Generated by org.testng.reporters.JUnitReportReporter -->
<testsuite hostname="DESKTOP-FKNOICC" failures="0" tests="1" name="glameraExecute.GlameraExecute" time="38.082" errors="0" timestamp="2024-04-22T16:52:41 EET" skipped="0">
  <testcase classname="glameraExecute.GlameraExecute" name="validLogin" time="38.082"/>
  <system-out/>
</testsuite> <!-- glameraExecute.GlameraExecute -->
